2026-04-13 12:08:06.369166 INFO::Writing function arguments to log file
2026-04-13 12:08:06.374383 DEBUG::Function arguments
2026-04-13 12:08:06.374678 DEBUG::Output folder: output/9_16s_Maaslin2_BPS_high_wk22
2026-04-13 12:08:06.374938 DEBUG::Min Abundance: 0.000100
2026-04-13 12:08:06.375188 DEBUG::Min Prevalence: 0.100000
2026-04-13 12:08:06.375391 DEBUG::Normalization: NONE
2026-04-13 12:08:06.375577 DEBUG::Transform: AST
2026-04-13 12:08:06.375791 DEBUG::Analysis method: LM
2026-04-13 12:08:06.375982 DEBUG::Max significance: 0.250000
2026-04-13 12:08:06.376188 DEBUG::Random effects: culture_day,replicate
2026-04-13 12:08:06.376401 DEBUG::Fixed effects: exposure
2026-04-13 12:08:06.376595 DEBUG::Correction method: BH
2026-04-13 12:08:06.376803 DEBUG::Standardize: TRUE
2026-04-13 12:08:06.377016 DEBUG::Cores: 1
2026-04-13 12:08:06.377231 INFO::Verifying options selected are valid
2026-04-13 12:08:06.377973 INFO::Determining format of input files
2026-04-13 12:08:06.378633 INFO::Input format is data samples as rows and metadata samples as rows
2026-04-13 12:08:06.379538 DEBUG::A total of 28 samples were found in both the data and metadata
2026-04-13 12:08:06.379823 DEBUG::Reordering data/metadata to use same sample ordering
2026-04-13 12:08:06.381235 INFO::Formula for random effects: expr ~ (1 | culture_day) + (1 | replicate)
2026-04-13 12:08:06.383646 INFO::Formula for fixed effects: expr ~  exposure
2026-04-13 12:08:06.385132 INFO::Filter data based on min abundance and min prevalence
2026-04-13 12:08:06.385869 INFO::Total samples in data: 28
2026-04-13 12:08:06.386515 INFO::Min samples required with min abundance for a feature not to be filtered: 2.800000
2026-04-13 12:08:06.388491 INFO::Total filtered features: 29
2026-04-13 12:08:06.389235 INFO::Filtered feature names from abundance and prevalence filtering: ASV040, ASV071, ASV073, ASV077, ASV078, ASV079, ASV080, ASV081, ASV082, ASV085, ASV087, ASV090, ASV098, ASV099, ASV102, ASV103, ASV104, ASV108, ASV111, ASV112, ASV114, ASV116, ASV117, ASV118, ASV126, ASV127, ASV132, ASV153, ASV155
2026-04-13 12:08:06.391976 INFO::Total filtered features with variance filtering: 0
2026-04-13 12:08:06.39307 INFO::Filtered feature names from variance filtering:
2026-04-13 12:08:06.394032 INFO::Running selected normalization method: NONE
2026-04-13 12:08:06.394523 INFO::Applying z-score to standardize continuous metadata
2026-04-13 12:08:06.400207 INFO::Running selected transform method: AST
2026-04-13 12:08:06.402169 INFO::Running selected analysis method: LM
2026-04-13 12:08:06.403798 INFO::Fitting model to feature number 1, ASV001
2026-04-13 12:08:06.466767 INFO::Fitting model to feature number 2, ASV002
2026-04-13 12:08:06.504423 INFO::Fitting model to feature number 3, ASV003
2026-04-13 12:08:06.535446 INFO::Fitting model to feature number 4, ASV004
2026-04-13 12:08:06.587193 INFO::Fitting model to feature number 5, ASV005
2026-04-13 12:08:06.659781 INFO::Fitting model to feature number 6, ASV006
2026-04-13 12:08:06.691585 INFO::Fitting model to feature number 7, ASV007
2026-04-13 12:08:06.714732 INFO::Fitting model to feature number 8, ASV008
2026-04-13 12:08:06.73656 INFO::Fitting model to feature number 9, ASV009
2026-04-13 12:08:06.757968 INFO::Fitting model to feature number 10, ASV010
2026-04-13 12:08:06.778159 INFO::Fitting model to feature number 11, ASV011
2026-04-13 12:08:06.798483 INFO::Fitting model to feature number 12, ASV012
2026-04-13 12:08:06.818848 INFO::Fitting model to feature number 13, ASV013
2026-04-13 12:08:06.845483 INFO::Fitting model to feature number 14, ASV014
2026-04-13 12:08:06.86725 INFO::Fitting model to feature number 15, ASV015
2026-04-13 12:08:06.887274 INFO::Fitting model to feature number 16, ASV016
2026-04-13 12:08:06.908826 INFO::Fitting model to feature number 17, ASV017
2026-04-13 12:08:06.929735 INFO::Fitting model to feature number 18, ASV018
2026-04-13 12:08:06.95047 INFO::Fitting model to feature number 19, ASV019
2026-04-13 12:08:06.970878 INFO::Fitting model to feature number 20, ASV020
2026-04-13 12:08:06.99218 INFO::Fitting model to feature number 21, ASV021
2026-04-13 12:08:07.020716 INFO::Fitting model to feature number 22, ASV022
2026-04-13 12:08:07.042593 INFO::Fitting model to feature number 23, ASV023
2026-04-13 12:08:07.063778 INFO::Fitting model to feature number 24, ASV024
2026-04-13 12:08:07.085213 INFO::Fitting model to feature number 25, ASV025
2026-04-13 12:08:07.105686 INFO::Fitting model to feature number 26, ASV027
2026-04-13 12:08:07.126766 INFO::Fitting model to feature number 27, ASV028
2026-04-13 12:08:07.146928 INFO::Fitting model to feature number 28, ASV029
2026-04-13 12:08:07.166847 INFO::Fitting model to feature number 29, ASV030
2026-04-13 12:08:07.193377 INFO::Fitting model to feature number 30, ASV032
2026-04-13 12:08:07.214731 INFO::Fitting model to feature number 31, ASV033
2026-04-13 12:08:07.235492 INFO::Fitting model to feature number 32, ASV034
2026-04-13 12:08:07.256066 INFO::Fitting model to feature number 33, ASV035
2026-04-13 12:08:07.276914 INFO::Fitting model to feature number 34, ASV036
2026-04-13 12:08:07.297769 INFO::Fitting model to feature number 35, ASV037
2026-04-13 12:08:07.319982 INFO::Fitting model to feature number 36, ASV038
2026-04-13 12:08:07.341995 INFO::Fitting model to feature number 37, ASV039
2026-04-13 12:08:07.368004 INFO::Fitting model to feature number 38, ASV041
2026-04-13 12:08:07.388993 INFO::Fitting model to feature number 39, ASV042
2026-04-13 12:08:07.40981 INFO::Fitting model to feature number 40, ASV043
2026-04-13 12:08:07.430637 INFO::Fitting model to feature number 41, ASV044
2026-04-13 12:08:07.451266 INFO::Fitting model to feature number 42, ASV045
2026-04-13 12:08:07.471482 INFO::Fitting model to feature number 43, ASV046
2026-04-13 12:08:07.492247 INFO::Fitting model to feature number 44, ASV048
2026-04-13 12:08:07.512829 INFO::Fitting model to feature number 45, ASV049
2026-04-13 12:08:07.539006 INFO::Fitting model to feature number 46, ASV050
2026-04-13 12:08:07.560357 INFO::Fitting model to feature number 47, ASV051
2026-04-13 12:08:07.580678 INFO::Fitting model to feature number 48, ASV052
2026-04-13 12:08:07.601279 INFO::Fitting model to feature number 49, ASV055
2026-04-13 12:08:07.621541 INFO::Fitting model to feature number 50, ASV056
2026-04-13 12:08:07.641986 INFO::Fitting model to feature number 51, ASV058
2026-04-13 12:08:07.662007 INFO::Fitting model to feature number 52, ASV059
2026-04-13 12:08:07.682258 INFO::Fitting model to feature number 53, ASV061
2026-04-13 12:08:07.709356 INFO::Fitting model to feature number 54, ASV062
2026-04-13 12:08:07.730249 INFO::Fitting model to feature number 55, ASV063
2026-04-13 12:08:07.750518 INFO::Fitting model to feature number 56, ASV064
2026-04-13 12:08:07.770807 INFO::Fitting model to feature number 57, ASV065
2026-04-13 12:08:07.791647 INFO::Fitting model to feature number 58, ASV066
2026-04-13 12:08:07.812002 INFO::Fitting model to feature number 59, ASV067
2026-04-13 12:08:07.832098 INFO::Fitting model to feature number 60, ASV068
2026-04-13 12:08:07.851915 INFO::Fitting model to feature number 61, ASV069
2026-04-13 12:08:07.878917 INFO::Fitting model to feature number 62, ASV070
2026-04-13 12:08:07.899734 INFO::Fitting model to feature number 63, ASV072
2026-04-13 12:08:07.919787 INFO::Fitting model to feature number 64, ASV075
2026-04-13 12:08:07.940705 INFO::Fitting model to feature number 65, ASV083
2026-04-13 12:08:07.961127 INFO::Fitting model to feature number 66, ASV084
2026-04-13 12:08:07.9815 INFO::Fitting model to feature number 67, ASV086
2026-04-13 12:08:08.001897 INFO::Fitting model to feature number 68, ASV091
2026-04-13 12:08:08.021739 INFO::Fitting model to feature number 69, ASV092
2026-04-13 12:08:08.048809 INFO::Fitting model to feature number 70, ASV093
2026-04-13 12:08:08.069447 INFO::Fitting model to feature number 71, ASV095
2026-04-13 12:08:08.090005 INFO::Fitting model to feature number 72, ASV097
2026-04-13 12:08:08.114461 INFO::Counting total values for each feature
2026-04-13 12:08:08.116227 INFO::Writing filtered data to file output/9_16s_Maaslin2_BPS_high_wk22/features/filtered_data.tsv
2026-04-13 12:08:08.117888 INFO::Writing filtered, normalized data to file output/9_16s_Maaslin2_BPS_high_wk22/features/filtered_data_norm.tsv
2026-04-13 12:08:08.119362 INFO::Writing filtered, normalized, transformed data to file output/9_16s_Maaslin2_BPS_high_wk22/features/filtered_data_norm_transformed.tsv
2026-04-13 12:08:08.121086 INFO::Writing residuals to file output/9_16s_Maaslin2_BPS_high_wk22/fits/residuals.rds
2026-04-13 12:08:08.121995 INFO::Writing fitted values to file output/9_16s_Maaslin2_BPS_high_wk22/fits/fitted.rds
2026-04-13 12:08:08.122819 INFO::Writing extracted random effects to file output/9_16s_Maaslin2_BPS_high_wk22/fits/ranef.rds
2026-04-13 12:08:08.123997 INFO::Writing all results to file (ordered by increasing q-values): output/9_16s_Maaslin2_BPS_high_wk22/all_results.tsv
2026-04-13 12:08:08.125033 INFO::Writing the significant results (those which are less than or equal to the threshold of 0.250000 ) to file (ordered by increasing q-values): output/9_16s_Maaslin2_BPS_high_wk22/significant_results.tsv
2026-04-13 12:08:08.12553 INFO::Writing heatmap of significant results to file: output/9_16s_Maaslin2_BPS_high_wk22/heatmap.pdf
2026-04-13 12:08:08.126167 INFO::Writing association plots (one for each significant association) to output folder: output/9_16s_Maaslin2_BPS_high_wk22
