2026-04-15 14:57:46.488673 INFO::Writing function arguments to log file
2026-04-15 14:57:46.489252 DEBUG::Function arguments
2026-04-15 14:57:46.489421 DEBUG::Output folder: output/16s_Maaslin/9_16s_Maaslin2_DINP_high_wk22_d2
2026-04-15 14:57:46.489573 DEBUG::Min Abundance: 0.000100
2026-04-15 14:57:46.489712 DEBUG::Min Prevalence: 0.100000
2026-04-15 14:57:46.489846 DEBUG::Normalization: NONE
2026-04-15 14:57:46.489968 DEBUG::Transform: AST
2026-04-15 14:57:46.490111 DEBUG::Analysis method: LM
2026-04-15 14:57:46.490234 DEBUG::Max significance: 0.250000
2026-04-15 14:57:46.490363 DEBUG::Random effects: replicate
2026-04-15 14:57:46.490493 DEBUG::Fixed effects: exposure
2026-04-15 14:57:46.490613 DEBUG::Correction method: BH
2026-04-15 14:57:46.490735 DEBUG::Standardize: TRUE
2026-04-15 14:57:46.490849 DEBUG::Cores: 1
2026-04-15 14:57:46.49096 INFO::Verifying options selected are valid
2026-04-15 14:57:46.491314 INFO::Determining format of input files
2026-04-15 14:57:46.491654 INFO::Input format is data samples as rows and metadata samples as rows
2026-04-15 14:57:46.492141 DEBUG::A total of 14 samples were found in both the data and metadata
2026-04-15 14:57:46.492277 DEBUG::Reordering data/metadata to use same sample ordering
2026-04-15 14:57:46.492862 INFO::Formula for random effects: expr ~ (1 | replicate)
2026-04-15 14:57:46.493344 INFO::Formula for fixed effects: expr ~  exposure
2026-04-15 14:57:46.493947 INFO::Filter data based on min abundance and min prevalence
2026-04-15 14:57:46.494366 INFO::Total samples in data: 14
2026-04-15 14:57:46.494733 INFO::Min samples required with min abundance for a feature not to be filtered: 1.400000
2026-04-15 14:57:46.495612 INFO::Total filtered features: 33
2026-04-15 14:57:46.495998 INFO::Filtered feature names from abundance and prevalence filtering: ASV031, ASV040, ASV071, ASV073, ASV076, ASV077, ASV078, ASV079, ASV080, ASV082, ASV083, ASV084, ASV085, ASV086, ASV087, ASV090, ASV091, ASV092, ASV093, ASV098, ASV099, ASV102, ASV103, ASV104, ASV108, ASV110, ASV111, ASV112, ASV114, ASV117, ASV126, ASV127, ASV136
2026-04-15 14:57:46.49697 INFO::Total filtered features with variance filtering: 0
2026-04-15 14:57:46.497362 INFO::Filtered feature names from variance filtering:
2026-04-15 14:57:46.497714 INFO::Running selected normalization method: NONE
2026-04-15 14:57:46.498029 INFO::Applying z-score to standardize continuous metadata
2026-04-15 14:57:46.499192 INFO::Running selected transform method: AST
2026-04-15 14:57:46.500281 INFO::Running selected analysis method: LM
2026-04-15 14:57:46.500931 INFO::Fitting model to feature number 1, ASV001
2026-04-15 14:57:46.519025 INFO::Fitting model to feature number 2, ASV002
2026-04-15 14:57:46.535299 INFO::Fitting model to feature number 3, ASV003
2026-04-15 14:57:46.551228 INFO::Fitting model to feature number 4, ASV004
2026-04-15 14:57:46.566968 INFO::Fitting model to feature number 5, ASV005
2026-04-15 14:57:46.582604 INFO::Fitting model to feature number 6, ASV006
2026-04-15 14:57:46.603576 INFO::Fitting model to feature number 7, ASV007
2026-04-15 14:57:46.619257 INFO::Fitting model to feature number 8, ASV008
2026-04-15 14:57:46.635186 INFO::Fitting model to feature number 9, ASV009
2026-04-15 14:57:46.65078 INFO::Fitting model to feature number 10, ASV010
2026-04-15 14:57:46.666543 INFO::Fitting model to feature number 11, ASV011
2026-04-15 14:57:46.681958 INFO::Fitting model to feature number 12, ASV012
2026-04-15 14:57:46.697412 INFO::Fitting model to feature number 13, ASV013
2026-04-15 14:57:46.713022 INFO::Fitting model to feature number 14, ASV014
2026-04-15 14:57:46.731899 INFO::Fitting model to feature number 15, ASV015
2026-04-15 14:57:46.748197 INFO::Fitting model to feature number 16, ASV016
2026-04-15 14:57:46.764059 INFO::Fitting model to feature number 17, ASV017
2026-04-15 14:57:46.780088 INFO::Fitting model to feature number 18, ASV018
2026-04-15 14:57:46.795885 INFO::Fitting model to feature number 19, ASV019
2026-04-15 14:57:46.811515 INFO::Fitting model to feature number 20, ASV020
2026-04-15 14:57:46.827148 INFO::Fitting model to feature number 21, ASV021
2026-04-15 14:57:46.842559 INFO::Fitting model to feature number 22, ASV022
2026-04-15 14:57:46.857719 INFO::Fitting model to feature number 23, ASV023
2026-04-15 14:57:46.877528 INFO::Fitting model to feature number 24, ASV024
2026-04-15 14:57:46.893378 INFO::Fitting model to feature number 25, ASV025
2026-04-15 14:57:46.908779 INFO::Fitting model to feature number 26, ASV027
2026-04-15 14:57:46.924655 INFO::Fitting model to feature number 27, ASV028
2026-04-15 14:57:46.940967 INFO::Fitting model to feature number 28, ASV029
2026-04-15 14:57:46.958099 INFO::Fitting model to feature number 29, ASV030
2026-04-15 14:57:46.974409 INFO::Fitting model to feature number 30, ASV032
2026-04-15 14:57:46.989878 INFO::Fitting model to feature number 31, ASV033
2026-04-15 14:57:47.005457 INFO::Fitting model to feature number 32, ASV034
2026-04-15 14:57:47.025279 INFO::Fitting model to feature number 33, ASV035
2026-04-15 14:57:47.041112 INFO::Fitting model to feature number 34, ASV036
2026-04-15 14:57:47.056995 INFO::Fitting model to feature number 35, ASV037
2026-04-15 14:57:47.072563 INFO::Fitting model to feature number 36, ASV038
2026-04-15 14:57:47.088145 INFO::Fitting model to feature number 37, ASV039
2026-04-15 14:57:47.103723 INFO::Fitting model to feature number 38, ASV041
2026-04-15 14:57:47.119256 INFO::Fitting model to feature number 39, ASV042
2026-04-15 14:57:47.134704 INFO::Fitting model to feature number 40, ASV043
2026-04-15 14:57:47.154134 INFO::Fitting model to feature number 41, ASV044
2026-04-15 14:57:47.170052 INFO::Fitting model to feature number 42, ASV045
2026-04-15 14:57:47.185714 INFO::Fitting model to feature number 43, ASV046
2026-04-15 14:57:47.201629 INFO::Fitting model to feature number 44, ASV048
2026-04-15 14:57:47.217379 INFO::Fitting model to feature number 45, ASV049
2026-04-15 14:57:47.23278 INFO::Fitting model to feature number 46, ASV050
2026-04-15 14:57:47.248313 INFO::Fitting model to feature number 47, ASV051
2026-04-15 14:57:47.263756 INFO::Fitting model to feature number 48, ASV052
2026-04-15 14:57:47.279216 INFO::Fitting model to feature number 49, ASV054
2026-04-15 14:57:47.299037 INFO::Fitting model to feature number 50, ASV055
2026-04-15 14:57:47.314777 INFO::Fitting model to feature number 51, ASV056
2026-04-15 14:57:47.330566 INFO::Fitting model to feature number 52, ASV058
2026-04-15 14:57:47.346517 INFO::Fitting model to feature number 53, ASV059
2026-04-15 14:57:47.362048 INFO::Fitting model to feature number 54, ASV061
2026-04-15 14:57:47.377656 INFO::Fitting model to feature number 55, ASV062
2026-04-15 14:57:47.393193 INFO::Fitting model to feature number 56, ASV063
2026-04-15 14:57:47.409032 INFO::Fitting model to feature number 57, ASV064
2026-04-15 14:57:47.431239 INFO::Fitting model to feature number 58, ASV065
2026-04-15 14:57:47.448006 INFO::Fitting model to feature number 59, ASV066
2026-04-15 14:57:47.463898 INFO::Fitting model to feature number 60, ASV067
2026-04-15 14:57:47.479779 INFO::Fitting model to feature number 61, ASV068
2026-04-15 14:57:47.495384 INFO::Fitting model to feature number 62, ASV069
2026-04-15 14:57:47.510898 INFO::Fitting model to feature number 63, ASV070
2026-04-15 14:57:47.526443 INFO::Fitting model to feature number 64, ASV072
2026-04-15 14:57:47.542638 INFO::Fitting model to feature number 65, ASV075
2026-04-15 14:57:47.558853 INFO::Fitting model to feature number 66, ASV081
2026-04-15 14:57:47.578779 INFO::Fitting model to feature number 67, ASV095
2026-04-15 14:57:47.594289 INFO::Fitting model to feature number 68, ASV097
2026-04-15 14:57:47.613129 INFO::Counting total values for each feature
2026-04-15 14:57:47.614597 INFO::Writing filtered data to file output/16s_Maaslin/9_16s_Maaslin2_DINP_high_wk22_d2/features/filtered_data.tsv
2026-04-15 14:57:47.615829 INFO::Writing filtered, normalized data to file output/16s_Maaslin/9_16s_Maaslin2_DINP_high_wk22_d2/features/filtered_data_norm.tsv
2026-04-15 14:57:47.617179 INFO::Writing filtered, normalized, transformed data to file output/16s_Maaslin/9_16s_Maaslin2_DINP_high_wk22_d2/features/filtered_data_norm_transformed.tsv
2026-04-15 14:57:47.618425 INFO::Writing residuals to file output/16s_Maaslin/9_16s_Maaslin2_DINP_high_wk22_d2/fits/residuals.rds
2026-04-15 14:57:47.619072 INFO::Writing fitted values to file output/16s_Maaslin/9_16s_Maaslin2_DINP_high_wk22_d2/fits/fitted.rds
2026-04-15 14:57:47.619652 INFO::Writing extracted random effects to file output/16s_Maaslin/9_16s_Maaslin2_DINP_high_wk22_d2/fits/ranef.rds
2026-04-15 14:57:47.620154 INFO::Writing all results to file (ordered by increasing q-values): output/16s_Maaslin/9_16s_Maaslin2_DINP_high_wk22_d2/all_results.tsv
2026-04-15 14:57:47.621004 INFO::Writing the significant results (those which are less than or equal to the threshold of 0.250000 ) to file (ordered by increasing q-values): output/16s_Maaslin/9_16s_Maaslin2_DINP_high_wk22_d2/significant_results.tsv
2026-04-15 14:57:47.621568 INFO::Writing heatmap of significant results to file: output/16s_Maaslin/9_16s_Maaslin2_DINP_high_wk22_d2/heatmap.pdf
2026-04-15 14:57:47.622163 INFO::Writing association plots (one for each significant association) to output folder: output/16s_Maaslin/9_16s_Maaslin2_DINP_high_wk22_d2
