2026-04-13 19:15:32.749982 INFO::Writing function arguments to log file
2026-04-13 19:15:32.75329 DEBUG::Function arguments
2026-04-13 19:15:32.755942 DEBUG::Output folder: output/16s_Maaslin/9_16s_Maaslin2_BPS_high_wk22
2026-04-13 19:15:32.756104 DEBUG::Min Abundance: 0.000100
2026-04-13 19:15:32.75624 DEBUG::Min Prevalence: 0.100000
2026-04-13 19:15:32.756366 DEBUG::Normalization: NONE
2026-04-13 19:15:32.756491 DEBUG::Transform: AST
2026-04-13 19:15:32.756607 DEBUG::Analysis method: LM
2026-04-13 19:15:32.756723 DEBUG::Max significance: 0.250000
2026-04-13 19:15:32.756845 DEBUG::Random effects: replicate
2026-04-13 19:15:32.757052 DEBUG::Fixed effects: exposure,culture_day,exposure:culture_day
2026-04-13 19:15:32.757239 DEBUG::Correction method: BH
2026-04-13 19:15:32.757396 DEBUG::Standardize: TRUE
2026-04-13 19:15:32.757533 DEBUG::Cores: 1
2026-04-13 19:15:32.757666 INFO::Verifying options selected are valid
2026-04-13 19:15:32.777354 INFO::Determining format of input files
2026-04-13 19:15:32.777835 INFO::Input format is data samples as rows and metadata samples as rows
2026-04-13 19:15:32.778274 DEBUG::The following samples were found to have features but no metadata. They will be removed. BPS_high_wk22_inoculum_d0_A,BPS_high_wk22_inoculum_d0_B,BPS_high_wk22_inoculum_d0_D,BPS_high_wk22_inoculum_d0_E,BPS_high_wk22_inoculum_d0_F,BPS_high_wk22_inoculum_d0_G
2026-04-13 19:15:32.778436 DEBUG::A total of 28 samples were found in both the data and metadata
2026-04-13 19:15:32.77857 DEBUG::Reordering data/metadata to use same sample ordering
2026-04-13 19:15:32.7791 WARNING::Feature name not found in metadata so not applied to formula as fixed effect: exposure:culture_day
2026-04-13 19:15:32.780035 INFO::Formula for random effects: expr ~ (1 | replicate)
2026-04-13 19:15:32.780519 INFO::Formula for fixed effects: expr ~  exposure + culture_day
2026-04-13 19:15:32.781251 INFO::Filter data based on min abundance and min prevalence
2026-04-13 19:15:32.781661 INFO::Total samples in data: 28
2026-04-13 19:15:32.781996 INFO::Min samples required with min abundance for a feature not to be filtered: 2.800000
2026-04-13 19:15:32.782828 INFO::Total filtered features: 29
2026-04-13 19:15:32.783187 INFO::Filtered feature names from abundance and prevalence filtering: ASV040, ASV071, ASV073, ASV077, ASV078, ASV079, ASV080, ASV081, ASV082, ASV085, ASV087, ASV090, ASV098, ASV099, ASV102, ASV103, ASV104, ASV108, ASV111, ASV112, ASV114, ASV116, ASV117, ASV118, ASV126, ASV127, ASV132, ASV153, ASV155
2026-04-13 19:15:32.784383 INFO::Total filtered features with variance filtering: 0
2026-04-13 19:15:32.784782 INFO::Filtered feature names from variance filtering:
2026-04-13 19:15:32.785119 INFO::Running selected normalization method: NONE
2026-04-13 19:15:32.785476 INFO::Applying z-score to standardize continuous metadata
2026-04-13 19:15:32.788907 INFO::Running selected transform method: AST
2026-04-13 19:15:32.78972 INFO::Running selected analysis method: LM
2026-04-13 19:15:32.979455 INFO::Fitting model to feature number 1, ASV001
2026-04-13 19:15:33.16891 INFO::Fitting model to feature number 2, ASV002
2026-04-13 19:15:33.187895 INFO::Fitting model to feature number 3, ASV003
2026-04-13 19:15:33.204322 INFO::Fitting model to feature number 4, ASV004
2026-04-13 19:15:33.221252 INFO::Fitting model to feature number 5, ASV005
2026-04-13 19:15:33.239144 INFO::Fitting model to feature number 6, ASV006
2026-04-13 19:15:33.257563 INFO::Fitting model to feature number 7, ASV007
2026-04-13 19:15:33.275853 INFO::Fitting model to feature number 8, ASV008
2026-04-13 19:15:33.294051 INFO::Fitting model to feature number 9, ASV009
2026-04-13 19:15:33.312581 INFO::Fitting model to feature number 10, ASV010
2026-04-13 19:15:33.330957 INFO::Fitting model to feature number 11, ASV011
2026-04-13 19:15:33.350488 INFO::Fitting model to feature number 12, ASV012
2026-04-13 19:15:33.370185 INFO::Fitting model to feature number 13, ASV013
2026-04-13 19:15:33.389702 INFO::Fitting model to feature number 14, ASV014
2026-04-13 19:15:33.409485 INFO::Fitting model to feature number 15, ASV015
2026-04-13 19:15:33.425531 INFO::Fitting model to feature number 16, ASV016
2026-04-13 19:15:33.441793 INFO::Fitting model to feature number 17, ASV017
2026-04-13 19:15:33.458089 INFO::Fitting model to feature number 18, ASV018
2026-04-13 19:15:33.47533 INFO::Fitting model to feature number 19, ASV019
2026-04-13 19:15:33.492727 INFO::Fitting model to feature number 20, ASV020
2026-04-13 19:15:33.509936 INFO::Fitting model to feature number 21, ASV021
2026-04-13 19:15:33.527223 INFO::Fitting model to feature number 22, ASV022
2026-04-13 19:15:33.54447 INFO::Fitting model to feature number 23, ASV023
2026-04-13 19:15:33.561751 INFO::Fitting model to feature number 24, ASV024
2026-04-13 19:15:33.579086 INFO::Fitting model to feature number 25, ASV025
2026-04-13 19:15:33.596319 INFO::Fitting model to feature number 26, ASV027
2026-04-13 19:15:33.617235 INFO::Fitting model to feature number 27, ASV028
2026-04-13 19:15:33.634791 INFO::Fitting model to feature number 28, ASV029
2026-04-13 19:15:33.651983 INFO::Fitting model to feature number 29, ASV030
2026-04-13 19:15:33.668323 INFO::Fitting model to feature number 30, ASV032
2026-04-13 19:15:33.684346 INFO::Fitting model to feature number 31, ASV033
2026-04-13 19:15:33.700301 INFO::Fitting model to feature number 32, ASV034
2026-04-13 19:15:33.716328 INFO::Fitting model to feature number 33, ASV035
2026-04-13 19:15:33.732484 INFO::Fitting model to feature number 34, ASV036
2026-04-13 19:15:33.748441 INFO::Fitting model to feature number 35, ASV037
2026-04-13 19:15:33.764221 INFO::Fitting model to feature number 36, ASV038
2026-04-13 19:15:33.780757 INFO::Fitting model to feature number 37, ASV039
2026-04-13 19:15:33.796549 INFO::Fitting model to feature number 38, ASV041
2026-04-13 19:15:33.812548 INFO::Fitting model to feature number 39, ASV042
2026-04-13 19:15:33.832873 INFO::Fitting model to feature number 40, ASV043
2026-04-13 19:15:33.848901 INFO::Fitting model to feature number 41, ASV044
2026-04-13 19:15:33.864918 INFO::Fitting model to feature number 42, ASV045
2026-04-13 19:15:33.880736 INFO::Fitting model to feature number 43, ASV046
2026-04-13 19:15:33.897136 INFO::Fitting model to feature number 44, ASV048
2026-04-13 19:15:33.912722 INFO::Fitting model to feature number 45, ASV049
2026-04-13 19:15:33.92853 INFO::Fitting model to feature number 46, ASV050
2026-04-13 19:15:33.944543 INFO::Fitting model to feature number 47, ASV051
2026-04-13 19:15:33.96041 INFO::Fitting model to feature number 48, ASV052
2026-04-13 19:15:33.976611 INFO::Fitting model to feature number 49, ASV055
2026-04-13 19:15:33.992697 INFO::Fitting model to feature number 50, ASV056
2026-04-13 19:15:34.008751 INFO::Fitting model to feature number 51, ASV058
2026-04-13 19:15:34.024628 INFO::Fitting model to feature number 52, ASV059
2026-04-13 19:15:34.043987 INFO::Fitting model to feature number 53, ASV061
2026-04-13 19:15:34.060062 INFO::Fitting model to feature number 54, ASV062
2026-04-13 19:15:34.076288 INFO::Fitting model to feature number 55, ASV063
2026-04-13 19:15:34.092212 INFO::Fitting model to feature number 56, ASV064
2026-04-13 19:15:34.108039 INFO::Fitting model to feature number 57, ASV065
2026-04-13 19:15:34.123776 INFO::Fitting model to feature number 58, ASV066
2026-04-13 19:15:34.139792 INFO::Fitting model to feature number 59, ASV067
2026-04-13 19:15:34.155827 INFO::Fitting model to feature number 60, ASV068
2026-04-13 19:15:34.171643 INFO::Fitting model to feature number 61, ASV069
2026-04-13 19:15:34.18775 INFO::Fitting model to feature number 62, ASV070
2026-04-13 19:15:34.203732 INFO::Fitting model to feature number 63, ASV072
2026-04-13 19:15:34.219534 INFO::Fitting model to feature number 64, ASV075
2026-04-13 19:15:34.23862 INFO::Fitting model to feature number 65, ASV083
2026-04-13 19:15:34.254571 INFO::Fitting model to feature number 66, ASV084
2026-04-13 19:15:34.27076 INFO::Fitting model to feature number 67, ASV086
2026-04-13 19:15:34.28689 INFO::Fitting model to feature number 68, ASV091
2026-04-13 19:15:34.302704 INFO::Fitting model to feature number 69, ASV092
2026-04-13 19:15:34.318556 INFO::Fitting model to feature number 70, ASV093
2026-04-13 19:15:34.334655 INFO::Fitting model to feature number 71, ASV095
2026-04-13 19:15:34.350662 INFO::Fitting model to feature number 72, ASV097
2026-04-13 19:15:34.371256 INFO::Counting total values for each feature
2026-04-13 19:15:34.373723 INFO::Writing filtered data to file output/16s_Maaslin/9_16s_Maaslin2_BPS_high_wk22/features/filtered_data.tsv
2026-04-13 19:15:34.375808 INFO::Writing filtered, normalized data to file output/16s_Maaslin/9_16s_Maaslin2_BPS_high_wk22/features/filtered_data_norm.tsv
2026-04-13 19:15:34.377288 INFO::Writing filtered, normalized, transformed data to file output/16s_Maaslin/9_16s_Maaslin2_BPS_high_wk22/features/filtered_data_norm_transformed.tsv
2026-04-13 19:15:34.379028 INFO::Writing residuals to file output/16s_Maaslin/9_16s_Maaslin2_BPS_high_wk22/fits/residuals.rds
2026-04-13 19:15:34.379932 INFO::Writing fitted values to file output/16s_Maaslin/9_16s_Maaslin2_BPS_high_wk22/fits/fitted.rds
2026-04-13 19:15:34.380765 INFO::Writing extracted random effects to file output/16s_Maaslin/9_16s_Maaslin2_BPS_high_wk22/fits/ranef.rds
2026-04-13 19:15:34.381471 INFO::Writing all results to file (ordered by increasing q-values): output/16s_Maaslin/9_16s_Maaslin2_BPS_high_wk22/all_results.tsv
2026-04-13 19:15:34.382648 INFO::Writing the significant results (those which are less than or equal to the threshold of 0.250000 ) to file (ordered by increasing q-values): output/16s_Maaslin/9_16s_Maaslin2_BPS_high_wk22/significant_results.tsv
2026-04-13 19:15:34.383454 INFO::Writing heatmap of significant results to file: output/16s_Maaslin/9_16s_Maaslin2_BPS_high_wk22/heatmap.pdf
2026-04-13 19:15:34.448705 INFO::Writing association plots (one for each significant association) to output folder: output/16s_Maaslin/9_16s_Maaslin2_BPS_high_wk22
2026-04-13 19:15:34.450142 INFO::Plotting associations from most to least significant, grouped by metadata
2026-04-13 19:15:34.450555 INFO::Plotting data for metadata number 1, culture_day
2026-04-13 19:15:34.451188 INFO::Creating boxplot for categorical data, culture_day vs ASV007
2026-04-13 19:15:34.663974 INFO::Creating boxplot for categorical data, culture_day vs ASV003
2026-04-13 19:15:34.758672 INFO::Creating boxplot for categorical data, culture_day vs ASV017
2026-04-13 19:15:34.840844 INFO::Creating boxplot for categorical data, culture_day vs ASV006
2026-04-13 19:15:34.927161 INFO::Creating boxplot for categorical data, culture_day vs ASV005
2026-04-13 19:15:35.014481 INFO::Creating boxplot for categorical data, culture_day vs ASV034
2026-04-13 19:15:35.096438 INFO::Creating boxplot for categorical data, culture_day vs ASV002
2026-04-13 19:15:35.182416 INFO::Creating boxplot for categorical data, culture_day vs ASV044
2026-04-13 19:15:35.264686 INFO::Creating boxplot for categorical data, culture_day vs ASV056
2026-04-13 19:15:35.351622 INFO::Creating boxplot for categorical data, culture_day vs ASV069
2026-04-13 19:15:35.43463 INFO::Creating boxplot for categorical data, culture_day vs ASV037
2026-04-13 19:15:35.521518 INFO::Creating boxplot for categorical data, culture_day vs ASV011
2026-04-13 19:15:35.607725 INFO::Creating boxplot for categorical data, culture_day vs ASV012
2026-04-13 19:15:35.690417 INFO::Creating boxplot for categorical data, culture_day vs ASV029
2026-04-13 19:15:35.839808 INFO::Creating boxplot for categorical data, culture_day vs ASV009
2026-04-13 19:15:35.924868 INFO::Creating boxplot for categorical data, culture_day vs ASV027
2026-04-13 19:15:36.015897 INFO::Creating boxplot for categorical data, culture_day vs ASV063
2026-04-13 19:15:36.099468 INFO::Creating boxplot for categorical data, culture_day vs ASV024
2026-04-13 19:15:36.18727 INFO::Creating boxplot for categorical data, culture_day vs ASV016
2026-04-13 19:15:36.274477 INFO::Creating boxplot for categorical data, culture_day vs ASV022
2026-04-13 19:15:36.35955 INFO::Creating boxplot for categorical data, culture_day vs ASV030
2026-04-13 19:15:36.44747 INFO::Creating boxplot for categorical data, culture_day vs ASV048
2026-04-13 19:15:36.530267 INFO::Creating boxplot for categorical data, culture_day vs ASV035
2026-04-13 19:15:36.618881 INFO::Creating boxplot for categorical data, culture_day vs ASV095
2026-04-13 19:15:36.706492 INFO::Creating boxplot for categorical data, culture_day vs ASV020
2026-04-13 19:15:36.793447 INFO::Creating boxplot for categorical data, culture_day vs ASV055
2026-04-13 19:15:36.887445 INFO::Creating boxplot for categorical data, culture_day vs ASV010
2026-04-13 19:15:36.972521 INFO::Creating boxplot for categorical data, culture_day vs ASV013
2026-04-13 19:15:37.061641 INFO::Creating boxplot for categorical data, culture_day vs ASV052
2026-04-13 19:15:37.14452 INFO::Creating boxplot for categorical data, culture_day vs ASV050
2026-04-13 19:15:37.232762 INFO::Creating boxplot for categorical data, culture_day vs ASV068
2026-04-13 19:15:37.319585 INFO::Creating boxplot for categorical data, culture_day vs ASV075
2026-04-13 19:15:37.40333 INFO::Creating boxplot for categorical data, culture_day vs ASV045
2026-04-13 19:15:37.492 INFO::Creating boxplot for categorical data, culture_day vs ASV092
2026-04-13 19:15:37.575311 INFO::Creating boxplot for categorical data, culture_day vs ASV066
2026-04-13 19:15:37.664446 INFO::Creating boxplot for categorical data, culture_day vs ASV070
2026-04-13 19:15:37.765226 INFO::Creating boxplot for categorical data, culture_day vs ASV023
2026-04-13 19:15:37.850497 INFO::Creating boxplot for categorical data, culture_day vs ASV032
2026-04-13 19:15:37.941071 INFO::Creating boxplot for categorical data, culture_day vs ASV083
2026-04-13 19:15:38.028046 INFO::Creating boxplot for categorical data, culture_day vs ASV091
2026-04-13 19:15:38.11707 INFO::Creating boxplot for categorical data, culture_day vs ASV001
2026-04-13 19:15:38.205352 INFO::Creating boxplot for categorical data, culture_day vs ASV051
2026-04-13 19:15:38.290455 INFO::Creating boxplot for categorical data, culture_day vs ASV084
2026-04-13 19:15:38.378795 INFO::Creating boxplot for categorical data, culture_day vs ASV014
2026-04-13 19:15:38.46267 INFO::Creating boxplot for categorical data, culture_day vs ASV036
2026-04-13 19:15:38.5513 INFO::Creating boxplot for categorical data, culture_day vs ASV061
2026-04-13 19:15:38.634274 INFO::Creating boxplot for categorical data, culture_day vs ASV067
2026-04-13 19:15:38.879219 INFO::Creating boxplot for categorical data, culture_day vs ASV021
2026-04-13 19:15:38.96309 INFO::Creating boxplot for categorical data, culture_day vs ASV028
2026-04-13 19:15:39.043335 INFO::Creating boxplot for categorical data, culture_day vs ASV004
2026-04-13 19:15:39.833735 INFO::Plotting data for metadata number 2, exposure
2026-04-13 19:15:39.834627 INFO::Creating boxplot for categorical data, exposure vs ASV095
2026-04-13 19:15:39.917709 INFO::Creating boxplot for categorical data, exposure vs ASV063
2026-04-13 19:15:40.004761 INFO::Creating boxplot for categorical data, exposure vs ASV001
