2026-04-13 19:15:40.303461 INFO::Writing function arguments to log file
2026-04-13 19:15:40.303922 DEBUG::Function arguments
2026-04-13 19:15:40.304067 DEBUG::Output folder: output/16s_Maaslin/9_16s_Maaslin2_DINP_high_wk22
2026-04-13 19:15:40.304198 DEBUG::Min Abundance: 0.000100
2026-04-13 19:15:40.304322 DEBUG::Min Prevalence: 0.100000
2026-04-13 19:15:40.304445 DEBUG::Normalization: NONE
2026-04-13 19:15:40.304567 DEBUG::Transform: AST
2026-04-13 19:15:40.304692 DEBUG::Analysis method: LM
2026-04-13 19:15:40.304816 DEBUG::Max significance: 0.250000
2026-04-13 19:15:40.304961 DEBUG::Random effects: replicate
2026-04-13 19:15:40.305095 DEBUG::Fixed effects: exposure,culture_day,exposure:culture_day
2026-04-13 19:15:40.305207 DEBUG::Correction method: BH
2026-04-13 19:15:40.305324 DEBUG::Standardize: TRUE
2026-04-13 19:15:40.305438 DEBUG::Cores: 1
2026-04-13 19:15:40.305554 INFO::Verifying options selected are valid
2026-04-13 19:15:40.305923 INFO::Determining format of input files
2026-04-13 19:15:40.306233 INFO::Input format is data samples as rows and metadata samples as rows
2026-04-13 19:15:40.306644 DEBUG::The following samples were found to have features but no metadata. They will be removed. DINP_high_wk22_inoculum_d0_A,DINP_high_wk22_inoculum_d0_B,DINP_high_wk22_inoculum_d0_C,DINP_high_wk22_inoculum_d0_D,DINP_high_wk22_inoculum_d0_E,DINP_high_wk22_inoculum_d0_F,DINP_high_wk22_inoculum_d0_G
2026-04-13 19:15:40.306785 DEBUG::A total of 28 samples were found in both the data and metadata
2026-04-13 19:15:40.306897 DEBUG::Reordering data/metadata to use same sample ordering
2026-04-13 19:15:40.307367 WARNING::Feature name not found in metadata so not applied to formula as fixed effect: exposure:culture_day
2026-04-13 19:15:40.307901 INFO::Formula for random effects: expr ~ (1 | replicate)
2026-04-13 19:15:40.308357 INFO::Formula for fixed effects: expr ~  exposure + culture_day
2026-04-13 19:15:40.308884 INFO::Filter data based on min abundance and min prevalence
2026-04-13 19:15:40.309198 INFO::Total samples in data: 28
2026-04-13 19:15:40.309513 INFO::Min samples required with min abundance for a feature not to be filtered: 2.800000
2026-04-13 19:15:40.310259 INFO::Total filtered features: 30
2026-04-13 19:15:40.310579 INFO::Filtered feature names from abundance and prevalence filtering: ASV031, ASV040, ASV071, ASV073, ASV075, ASV077, ASV079, ASV080, ASV082, ASV084, ASV085, ASV086, ASV087, ASV091, ASV092, ASV093, ASV098, ASV099, ASV102, ASV103, ASV104, ASV108, ASV110, ASV111, ASV112, ASV114, ASV117, ASV126, ASV127, ASV136
2026-04-13 19:15:40.311424 INFO::Total filtered features with variance filtering: 0
2026-04-13 19:15:40.311734 INFO::Filtered feature names from variance filtering:
2026-04-13 19:15:40.312041 INFO::Running selected normalization method: NONE
2026-04-13 19:15:40.312337 INFO::Applying z-score to standardize continuous metadata
2026-04-13 19:15:40.313452 INFO::Running selected transform method: AST
2026-04-13 19:15:40.314232 INFO::Running selected analysis method: LM
2026-04-13 19:15:40.314779 INFO::Fitting model to feature number 1, ASV001
2026-04-13 19:15:40.33151 INFO::Fitting model to feature number 2, ASV002
2026-04-13 19:15:40.348041 INFO::Fitting model to feature number 3, ASV003
2026-04-13 19:15:40.364176 INFO::Fitting model to feature number 4, ASV004
2026-04-13 19:15:40.380174 INFO::Fitting model to feature number 5, ASV005
2026-04-13 19:15:40.396154 INFO::Fitting model to feature number 6, ASV006
2026-04-13 19:15:40.416471 INFO::Fitting model to feature number 7, ASV007
2026-04-13 19:15:40.432718 INFO::Fitting model to feature number 8, ASV008
2026-04-13 19:15:40.448348 INFO::Fitting model to feature number 9, ASV009
2026-04-13 19:15:40.463959 INFO::Fitting model to feature number 10, ASV010
2026-04-13 19:15:40.480515 INFO::Fitting model to feature number 11, ASV011
2026-04-13 19:15:40.496731 INFO::Fitting model to feature number 12, ASV012
2026-04-13 19:15:40.512406 INFO::Fitting model to feature number 13, ASV013
2026-04-13 19:15:40.528481 INFO::Fitting model to feature number 14, ASV014
2026-04-13 19:15:40.544658 INFO::Fitting model to feature number 15, ASV015
2026-04-13 19:15:40.560847 INFO::Fitting model to feature number 16, ASV016
2026-04-13 19:15:40.580961 INFO::Fitting model to feature number 17, ASV017
2026-04-13 19:15:40.597461 INFO::Fitting model to feature number 18, ASV018
2026-04-13 19:15:40.61303 INFO::Fitting model to feature number 19, ASV019
2026-04-13 19:15:40.629212 INFO::Fitting model to feature number 20, ASV020
2026-04-13 19:15:40.645423 INFO::Fitting model to feature number 21, ASV021
2026-04-13 19:15:40.661673 INFO::Fitting model to feature number 22, ASV022
2026-04-13 19:15:40.678072 INFO::Fitting model to feature number 23, ASV023
2026-04-13 19:15:40.694399 INFO::Fitting model to feature number 24, ASV024
2026-04-13 19:15:40.710834 INFO::Fitting model to feature number 25, ASV025
2026-04-13 19:15:40.726918 INFO::Fitting model to feature number 26, ASV027
2026-04-13 19:15:40.747078 INFO::Fitting model to feature number 27, ASV028
2026-04-13 19:15:40.763951 INFO::Fitting model to feature number 28, ASV029
2026-04-13 19:15:40.780273 INFO::Fitting model to feature number 29, ASV030
2026-04-13 19:15:40.796988 INFO::Fitting model to feature number 30, ASV032
2026-04-13 19:15:40.813532 INFO::Fitting model to feature number 31, ASV033
2026-04-13 19:15:40.829606 INFO::Fitting model to feature number 32, ASV034
2026-04-13 19:15:40.845509 INFO::Fitting model to feature number 33, ASV035
2026-04-13 19:15:40.861581 INFO::Fitting model to feature number 34, ASV036
2026-04-13 19:15:40.877957 INFO::Fitting model to feature number 35, ASV037
2026-04-13 19:15:40.894186 INFO::Fitting model to feature number 36, ASV038
2026-04-13 19:15:40.910444 INFO::Fitting model to feature number 37, ASV039
2026-04-13 19:15:40.931217 INFO::Fitting model to feature number 38, ASV041
2026-04-13 19:15:40.947069 INFO::Fitting model to feature number 39, ASV042
2026-04-13 19:15:40.962565 INFO::Fitting model to feature number 40, ASV043
2026-04-13 19:15:40.97869 INFO::Fitting model to feature number 41, ASV044
2026-04-13 19:15:40.994697 INFO::Fitting model to feature number 42, ASV045
2026-04-13 19:15:41.010859 INFO::Fitting model to feature number 43, ASV046
2026-04-13 19:15:41.027012 INFO::Fitting model to feature number 44, ASV048
2026-04-13 19:15:41.043007 INFO::Fitting model to feature number 45, ASV049
2026-04-13 19:15:41.058874 INFO::Fitting model to feature number 46, ASV050
2026-04-13 19:15:41.074922 INFO::Fitting model to feature number 47, ASV051
2026-04-13 19:15:41.095131 INFO::Fitting model to feature number 48, ASV052
2026-04-13 19:15:41.111045 INFO::Fitting model to feature number 49, ASV054
2026-04-13 19:15:41.127025 INFO::Fitting model to feature number 50, ASV055
2026-04-13 19:15:41.143397 INFO::Fitting model to feature number 51, ASV056
2026-04-13 19:15:41.159219 INFO::Fitting model to feature number 52, ASV058
2026-04-13 19:15:41.175514 INFO::Fitting model to feature number 53, ASV059
2026-04-13 19:15:41.191523 INFO::Fitting model to feature number 54, ASV061
2026-04-13 19:15:41.207388 INFO::Fitting model to feature number 55, ASV062
2026-04-13 19:15:41.223203 INFO::Fitting model to feature number 56, ASV063
2026-04-13 19:15:41.238907 INFO::Fitting model to feature number 57, ASV064
2026-04-13 19:15:41.258966 INFO::Fitting model to feature number 58, ASV065
2026-04-13 19:15:41.274638 INFO::Fitting model to feature number 59, ASV066
2026-04-13 19:15:41.323509 INFO::Fitting model to feature number 60, ASV067
2026-04-13 19:15:41.340408 INFO::Fitting model to feature number 61, ASV068
2026-04-13 19:15:41.356116 INFO::Fitting model to feature number 62, ASV069
2026-04-13 19:15:41.371979 INFO::Fitting model to feature number 63, ASV070
2026-04-13 19:15:41.389238 INFO::Fitting model to feature number 64, ASV072
2026-04-13 19:15:41.406108 INFO::Fitting model to feature number 65, ASV076
2026-04-13 19:15:41.422533 INFO::Fitting model to feature number 66, ASV078
2026-04-13 19:15:41.438602 INFO::Fitting model to feature number 67, ASV081
2026-04-13 19:15:41.458791 INFO::Fitting model to feature number 68, ASV083
2026-04-13 19:15:41.475216 INFO::Fitting model to feature number 69, ASV090
2026-04-13 19:15:41.491061 INFO::Fitting model to feature number 70, ASV095
2026-04-13 19:15:41.506816 INFO::Fitting model to feature number 71, ASV097
2026-04-13 19:15:41.527047 INFO::Counting total values for each feature
2026-04-13 19:15:41.529487 INFO::Writing filtered data to file output/16s_Maaslin/9_16s_Maaslin2_DINP_high_wk22/features/filtered_data.tsv
2026-04-13 19:15:41.531513 INFO::Writing filtered, normalized data to file output/16s_Maaslin/9_16s_Maaslin2_DINP_high_wk22/features/filtered_data_norm.tsv
2026-04-13 19:15:41.533039 INFO::Writing filtered, normalized, transformed data to file output/16s_Maaslin/9_16s_Maaslin2_DINP_high_wk22/features/filtered_data_norm_transformed.tsv
2026-04-13 19:15:41.534794 INFO::Writing residuals to file output/16s_Maaslin/9_16s_Maaslin2_DINP_high_wk22/fits/residuals.rds
2026-04-13 19:15:41.535586 INFO::Writing fitted values to file output/16s_Maaslin/9_16s_Maaslin2_DINP_high_wk22/fits/fitted.rds
2026-04-13 19:15:41.536318 INFO::Writing extracted random effects to file output/16s_Maaslin/9_16s_Maaslin2_DINP_high_wk22/fits/ranef.rds
2026-04-13 19:15:41.536854 INFO::Writing all results to file (ordered by increasing q-values): output/16s_Maaslin/9_16s_Maaslin2_DINP_high_wk22/all_results.tsv
2026-04-13 19:15:41.537916 INFO::Writing the significant results (those which are less than or equal to the threshold of 0.250000 ) to file (ordered by increasing q-values): output/16s_Maaslin/9_16s_Maaslin2_DINP_high_wk22/significant_results.tsv
2026-04-13 19:15:41.538675 INFO::Writing heatmap of significant results to file: output/16s_Maaslin/9_16s_Maaslin2_DINP_high_wk22/heatmap.pdf
2026-04-13 19:15:41.559726 INFO::Writing association plots (one for each significant association) to output folder: output/16s_Maaslin/9_16s_Maaslin2_DINP_high_wk22
2026-04-13 19:15:41.560829 INFO::Plotting associations from most to least significant, grouped by metadata
2026-04-13 19:15:41.561243 INFO::Plotting data for metadata number 1, culture_day
2026-04-13 19:15:41.561886 INFO::Creating boxplot for categorical data, culture_day vs ASV007
2026-04-13 19:15:41.649151 INFO::Creating boxplot for categorical data, culture_day vs ASV017
2026-04-13 19:15:41.731071 INFO::Creating boxplot for categorical data, culture_day vs ASV003
2026-04-13 19:15:41.816919 INFO::Creating boxplot for categorical data, culture_day vs ASV006
2026-04-13 19:15:41.903293 INFO::Creating boxplot for categorical data, culture_day vs ASV069
2026-04-13 19:15:41.985921 INFO::Creating boxplot for categorical data, culture_day vs ASV005
2026-04-13 19:15:42.072266 INFO::Creating boxplot for categorical data, culture_day vs ASV011
2026-04-13 19:15:42.155042 INFO::Creating boxplot for categorical data, culture_day vs ASV022
2026-04-13 19:15:42.241876 INFO::Creating boxplot for categorical data, culture_day vs ASV037
2026-04-13 19:15:42.329381 INFO::Creating boxplot for categorical data, culture_day vs ASV063
2026-04-13 19:15:42.411314 INFO::Creating boxplot for categorical data, culture_day vs ASV002
2026-04-13 19:15:42.497589 INFO::Creating boxplot for categorical data, culture_day vs ASV035
2026-04-13 19:15:42.584068 INFO::Creating boxplot for categorical data, culture_day vs ASV034
2026-04-13 19:15:42.66663 INFO::Creating boxplot for categorical data, culture_day vs ASV048
2026-04-13 19:15:42.752718 INFO::Creating boxplot for categorical data, culture_day vs ASV029
2026-04-13 19:15:42.858978 INFO::Creating boxplot for categorical data, culture_day vs ASV024
2026-04-13 19:15:42.941984 INFO::Creating boxplot for categorical data, culture_day vs ASV012
2026-04-13 19:15:43.034411 INFO::Creating boxplot for categorical data, culture_day vs ASV027
2026-04-13 19:15:43.117726 INFO::Creating boxplot for categorical data, culture_day vs ASV081
2026-04-13 19:15:43.206986 INFO::Creating boxplot for categorical data, culture_day vs ASV016
2026-04-13 19:15:43.295304 INFO::Creating boxplot for categorical data, culture_day vs ASV056
2026-04-13 19:15:43.378119 INFO::Creating boxplot for categorical data, culture_day vs ASV044
2026-04-13 19:15:43.466496 INFO::Creating boxplot for categorical data, culture_day vs ASV041
2026-04-13 19:15:43.556112 INFO::Creating boxplot for categorical data, culture_day vs ASV009
2026-04-13 19:15:43.639457 INFO::Creating boxplot for categorical data, culture_day vs ASV018
2026-04-13 19:15:43.729276 INFO::Creating boxplot for categorical data, culture_day vs ASV025
2026-04-13 19:15:43.817866 INFO::Creating boxplot for categorical data, culture_day vs ASV021
2026-04-13 19:15:43.900557 INFO::Creating boxplot for categorical data, culture_day vs ASV052
2026-04-13 19:15:43.988853 INFO::Creating boxplot for categorical data, culture_day vs ASV068
2026-04-13 19:15:44.078453 INFO::Creating boxplot for categorical data, culture_day vs ASV023
2026-04-13 19:15:44.162251 INFO::Creating boxplot for categorical data, culture_day vs ASV015
2026-04-13 19:15:44.25167 INFO::Creating boxplot for categorical data, culture_day vs ASV030
2026-04-13 19:15:44.340739 INFO::Creating boxplot for categorical data, culture_day vs ASV036
2026-04-13 19:15:44.42394 INFO::Creating boxplot for categorical data, culture_day vs ASV043
2026-04-13 19:15:44.513506 INFO::Creating boxplot for categorical data, culture_day vs ASV020
2026-04-13 19:15:44.602307 INFO::Creating boxplot for categorical data, culture_day vs ASV095
2026-04-13 19:15:44.689997 INFO::Creating boxplot for categorical data, culture_day vs ASV090
2026-04-13 19:15:44.777405 INFO::Creating boxplot for categorical data, culture_day vs ASV051
2026-04-13 19:15:44.866424 INFO::Creating boxplot for categorical data, culture_day vs ASV010
2026-04-13 19:15:44.957677 INFO::Creating boxplot for categorical data, culture_day vs ASV042
2026-04-13 19:15:45.041997 INFO::Creating boxplot for categorical data, culture_day vs ASV050
2026-04-13 19:15:45.132197 INFO::Creating boxplot for categorical data, culture_day vs ASV055
2026-04-13 19:15:45.221454 INFO::Creating boxplot for categorical data, culture_day vs ASV064
2026-04-13 19:15:45.310769 INFO::Creating boxplot for categorical data, culture_day vs ASV066
2026-04-13 19:15:45.394546 INFO::Creating boxplot for categorical data, culture_day vs ASV013
2026-04-13 19:15:45.483503 INFO::Creating boxplot for categorical data, culture_day vs ASV070
2026-04-13 19:15:45.597976 INFO::Creating boxplot for categorical data, culture_day vs ASV033
2026-04-13 19:15:45.689968 INFO::Creating boxplot for categorical data, culture_day vs ASV076
2026-04-13 19:15:46.501653 INFO::Plotting data for metadata number 2, exposure
2026-04-13 19:15:46.502485 INFO::Creating boxplot for categorical data, exposure vs ASV069
2026-04-13 19:15:46.587983 INFO::Creating boxplot for categorical data, exposure vs ASV025
2026-04-13 19:15:46.67915 INFO::Creating boxplot for categorical data, exposure vs ASV061
2026-04-13 19:15:46.770553 INFO::Creating boxplot for categorical data, exposure vs ASV044
2026-04-13 19:15:46.854256 INFO::Creating boxplot for categorical data, exposure vs ASV049
2026-04-13 19:15:46.944229 INFO::Creating boxplot for categorical data, exposure vs ASV095
